*** Using Compiler 'V5.06 update 6 (build 750)', folder: 'D:\Study\keil\UV4\ARM\ARMCC\Bin'
Rebuild target 'ARM32'
compiling gd32f30x_it.c...
compiling usb2Com_drv.c...
assembling startup_gd32f30x_hd.s...
compiling gd32f30x_gpio.c...
compiling gd32f30x_rcu.c...
compiling gd32f30x_misc.c...
compiling gd32f30x_usart.c...
compiling main.c...
.\Driver\usb2Com_drv.h(9): warning:  #1295-D: Deprecated declaration Usb2ComTest - give arg types
  void Usb2ComTest();
App\main.c: 1 warning, 0 errors
compiling gd32f30x_exti.c...
compiling key_drv.c...
compiling systick.c...
compiling led_drv.c...
compiling system_gd32f30x.c...
linking...
Program Size: Code=2860 RO-data=336 RW-data=68 ZI-data=1028  
FromELF: creating hex file...
".\Objects\ARM32.axf" - 0 Error(s), 1 Warning(s).
Build Time Elapsed:  00:00:01
