Load "d:\\Study\\ARM32单片机实战课程\\06自己动手\\11.7产品参数掉电保存与校验\\Objects\\ARM32.axf" 
Set JLink Project File to "d:\Study\ARM32单片机实战课程\06自己动手\11.7产品参数掉电保存与校验\JLinkSettings.ini"* JLink Info: Device "GD32F303ZE" selected.

JLink info:
------------
DLL: V6.86 , compiled Sep 24 2020 17:31:31
Firmware: J-Link V9 compiled Feb  2 2021 16:34:10
Hardware: V9.60
S/N : 69613301 
Feature(s) : GDB, RDI, FlashBP, FlashDL, JFlash 

* JLink Info: TotalIRLen = 9, IRPrint = 0x0011
* JLink Info: JTAG chain detection found 2 devices:
* JLink Info:  #0 Id: 0x4BA00477, IRLen: 04, CoreSight JTAG-DP
* JLink Info:  #1 Id: 0x790007A3, IRLen: 05, Unknown device
* JLink Info: Cannot determine DP version. Assuming DPv0
* JLink Info: Scanning AP map to find all available APs
* JLink Info: AP[1]: Stopped AP scan as end of AP map has been reached
* JLink Info: AP[0]: AHB-AP (IDR: 0x24770011)
* JLink Info: Iterating through AP map to find AHB-AP to use
* JLink Info: AP[0]: Core found
* JLink Info: AP[0]: AHB-AP ROM base: 0xE00FF000
* JLink Info: CPUID register: 0x410FC241. Implementer code: 0x41 (ARM)
* JLink Info: Found Cortex-M4 r0p1, Little endian.
* JLink Info: FPUnit: 6 code (BP) slots and 2 literal slots
* JLink Info: CoreSight components:
* JLink Info: ROMTbl[0] @ E00FF000
* JLink Info: ROMTbl[0][0]: E000E000, CID: B105E00D, PID: 000BB00C SCS-M7
* JLink Info: ROMTbl[0][1]: E0001000, CID: B105E00D, PID: 003BB002 DWT
* JLink Info: ROMTbl[0][2]: E0002000, CID: B105E00D, PID: 002BB003 FPB
* JLink Info: ROMTbl[0][3]: E0000000, CID: B105E00D, PID: 003BB001 ITM
* JLink Info: ROMTbl[0][4]: E0040000, CID: B105900D, PID: 000BB9A1 TPIU
* JLink Info: ROMTbl[0][5]: E0041000, CID: 00000000, PID: 00000000 ???
ROMTableAddr = 0xE00FF000
* JLink Info: Reset: Halt core after reset via DEMCR.VC_CORERESET.
* JLink Info: Reset: Reset device via AIRCR.SYSRESETREQ.

Target info:
------------
Device: GD32F303ZE
VTarget = 3.293V
State of Pins: TCK: 1, TDI: 0, TDO: 1, TMS: 0, TRES: 1, TRST: 1
Hardware-Breakpoints: 6
Software-Breakpoints: 8192
Watchpoints:          4
JTAG speed: 5000 kHz

Erase Done.Programming Done.Verify OK.* JLink Info: Reset: Halt core after reset via DEMCR.VC_CORERESET.
* JLink Info: Reset: Reset device via AIRCR.SYSRESETREQ.
Application running ...
Flash Load finished at 12:50:21
